  Bonus.cpp
S:\C++\DoodleJumpGameDevIntern\src\Doodle.h(40,12): warning C4305: '=': truncation from 'double' to 'float'
S:\C++\DoodleJumpGameDevIntern\src\Doodle.h(49,31): warning C4244: 'argument': conversion from 'float' to 'int', possible loss of data
S:\C++\DoodleJumpGameDevIntern\src\Doodle.h(49,24): warning C4244: 'argument': conversion from 'float' to 'int', possible loss of data
S:\C++\DoodleJumpGameDevIntern\src\Doodle.h(50,31): warning C4244: 'argument': conversion from 'float' to 'int', possible loss of data
S:\C++\DoodleJumpGameDevIntern\src\Doodle.h(50,24): warning C4244: 'argument': conversion from 'float' to 'int', possible loss of data
S:\C++\DoodleJumpGameDevIntern\src\Doodle.h(51,32): warning C4244: 'argument': conversion from 'float' to 'int', possible loss of data
S:\C++\DoodleJumpGameDevIntern\src\Doodle.h(51,25): warning C4244: 'argument': conversion from 'float' to 'int', possible loss of data
S:\C++\DoodleJumpGameDevIntern\src\Doodle.h(52,45): warning C4244: 'argument': conversion from 'float' to 'int', possible loss of data
S:\C++\DoodleJumpGameDevIntern\src\Doodle.h(52,38): warning C4244: 'argument': conversion from 'float' to 'int', possible loss of data
S:\C++\DoodleJumpGameDevIntern\src\Doodle.h(53,46): warning C4244: 'argument': conversion from 'float' to 'int', possible loss of data
S:\C++\DoodleJumpGameDevIntern\src\Doodle.h(53,39): warning C4244: 'argument': conversion from 'float' to 'int', possible loss of data
S:\C++\DoodleJumpGameDevIntern\src\Doodle.h(54,43): warning C4244: 'argument': conversion from 'float' to 'int', possible loss of data
S:\C++\DoodleJumpGameDevIntern\src\Doodle.h(54,36): warning C4244: 'argument': conversion from 'float' to 'int', possible loss of data
S:\C++\DoodleJumpGameDevIntern\src\Doodle.h(55,44): warning C4244: 'argument': conversion from 'float' to 'int', possible loss of data
S:\C++\DoodleJumpGameDevIntern\src\Doodle.h(55,37): warning C4244: 'argument': conversion from 'float' to 'int', possible loss of data
S:\C++\DoodleJumpGameDevIntern\src\Enemy.h(16,12): warning C4305: '=': truncation from 'double' to 'float'
S:\C++\DoodleJumpGameDevIntern\src\Enemy.h(29,29): warning C4244: 'argument': conversion from 'float' to 'int', possible loss of data
S:\C++\DoodleJumpGameDevIntern\src\Enemy.h(29,22): warning C4244: 'argument': conversion from 'float' to 'int', possible loss of data
S:\C++\DoodleJumpGameDevIntern\src\Enemy.h(30,12): warning C4305: '=': truncation from 'double' to 'float'
S:\C++\DoodleJumpGameDevIntern\src\Platform.h(20,12): warning C4305: '=': truncation from 'double' to 'float'
S:\C++\DoodleJumpGameDevIntern\src\mFramework.h(21,31): warning C4244: 'initializing': conversion from 'int' to 'float', possible loss of data
S:\C++\DoodleJumpGameDevIntern\src\mFramework.h(21,62): warning C4244: 'initializing': conversion from 'int' to 'float', possible loss of data
S:\C++\DoodleJumpGameDevIntern\src\mFramework.h(26,81): warning C4244: 'initializing': conversion from 'double' to 'float', possible loss of data
S:\C++\DoodleJumpGameDevIntern\src\Bonus.h(10,18): warning C4305: '=': truncation from 'double' to 'float'
  Bullet.cpp
S:\C++\DoodleJumpGameDevIntern\src\Doodle.h(40,12): warning C4305: '=': truncation from 'double' to 'float'
S:\C++\DoodleJumpGameDevIntern\src\Doodle.h(49,31): warning C4244: 'argument': conversion from 'float' to 'int', possible loss of data
S:\C++\DoodleJumpGameDevIntern\src\Doodle.h(49,24): warning C4244: 'argument': conversion from 'float' to 'int', possible loss of data
S:\C++\DoodleJumpGameDevIntern\src\Doodle.h(50,31): warning C4244: 'argument': conversion from 'float' to 'int', possible loss of data
S:\C++\DoodleJumpGameDevIntern\src\Doodle.h(50,24): warning C4244: 'argument': conversion from 'float' to 'int', possible loss of data
S:\C++\DoodleJumpGameDevIntern\src\Doodle.h(51,32): warning C4244: 'argument': conversion from 'float' to 'int', possible loss of data
S:\C++\DoodleJumpGameDevIntern\src\Doodle.h(51,25): warning C4244: 'argument': conversion from 'float' to 'int', possible loss of data
S:\C++\DoodleJumpGameDevIntern\src\Doodle.h(52,45): warning C4244: 'argument': conversion from 'float' to 'int', possible loss of data
S:\C++\DoodleJumpGameDevIntern\src\Doodle.h(52,38): warning C4244: 'argument': conversion from 'float' to 'int', possible loss of data
S:\C++\DoodleJumpGameDevIntern\src\Doodle.h(53,46): warning C4244: 'argument': conversion from 'float' to 'int', possible loss of data
S:\C++\DoodleJumpGameDevIntern\src\Doodle.h(53,39): warning C4244: 'argument': conversion from 'float' to 'int', possible loss of data
S:\C++\DoodleJumpGameDevIntern\src\Doodle.h(54,43): warning C4244: 'argument': conversion from 'float' to 'int', possible loss of data
S:\C++\DoodleJumpGameDevIntern\src\Doodle.h(54,36): warning C4244: 'argument': conversion from 'float' to 'int', possible loss of data
S:\C++\DoodleJumpGameDevIntern\src\Doodle.h(55,44): warning C4244: 'argument': conversion from 'float' to 'int', possible loss of data
S:\C++\DoodleJumpGameDevIntern\src\Doodle.h(55,37): warning C4244: 'argument': conversion from 'float' to 'int', possible loss of data
S:\C++\DoodleJumpGameDevIntern\src\Enemy.h(16,12): warning C4305: '=': truncation from 'double' to 'float'
S:\C++\DoodleJumpGameDevIntern\src\Enemy.h(29,29): warning C4244: 'argument': conversion from 'float' to 'int', possible loss of data
S:\C++\DoodleJumpGameDevIntern\src\Enemy.h(29,22): warning C4244: 'argument': conversion from 'float' to 'int', possible loss of data
S:\C++\DoodleJumpGameDevIntern\src\Enemy.h(30,12): warning C4305: '=': truncation from 'double' to 'float'
S:\C++\DoodleJumpGameDevIntern\src\Platform.h(20,12): warning C4305: '=': truncation from 'double' to 'float'
S:\C++\DoodleJumpGameDevIntern\src\Bonus.h(10,18): warning C4305: '=': truncation from 'double' to 'float'
S:\C++\DoodleJumpGameDevIntern\src\mFramework.h(21,31): warning C4244: 'initializing': conversion from 'int' to 'float', possible loss of data
S:\C++\DoodleJumpGameDevIntern\src\mFramework.h(21,62): warning C4244: 'initializing': conversion from 'int' to 'float', possible loss of data
S:\C++\DoodleJumpGameDevIntern\src\mFramework.h(26,81): warning C4244: 'initializing': conversion from 'double' to 'float', possible loss of data
  Doodle.cpp
S:\C++\DoodleJumpGameDevIntern\src\Enemy.h(16,12): warning C4305: '=': truncation from 'double' to 'float'
S:\C++\DoodleJumpGameDevIntern\src\Enemy.h(29,29): warning C4244: 'argument': conversion from 'float' to 'int', possible loss of data
S:\C++\DoodleJumpGameDevIntern\src\Enemy.h(29,22): warning C4244: 'argument': conversion from 'float' to 'int', possible loss of data
S:\C++\DoodleJumpGameDevIntern\src\Enemy.h(30,12): warning C4305: '=': truncation from 'double' to 'float'
S:\C++\DoodleJumpGameDevIntern\src\Platform.h(20,12): warning C4305: '=': truncation from 'double' to 'float'
S:\C++\DoodleJumpGameDevIntern\src\Bonus.h(10,18): warning C4305: '=': truncation from 'double' to 'float'
S:\C++\DoodleJumpGameDevIntern\src\mFramework.h(21,31): warning C4244: 'initializing': conversion from 'int' to 'float', possible loss of data
S:\C++\DoodleJumpGameDevIntern\src\mFramework.h(21,62): warning C4244: 'initializing': conversion from 'int' to 'float', possible loss of data
S:\C++\DoodleJumpGameDevIntern\src\mFramework.h(26,81): warning C4244: 'initializing': conversion from 'double' to 'float', possible loss of data
S:\C++\DoodleJumpGameDevIntern\src\Doodle.h(40,12): warning C4305: '=': truncation from 'double' to 'float'
S:\C++\DoodleJumpGameDevIntern\src\Doodle.h(49,31): warning C4244: 'argument': conversion from 'float' to 'int', possible loss of data
S:\C++\DoodleJumpGameDevIntern\src\Doodle.h(49,24): warning C4244: 'argument': conversion from 'float' to 'int', possible loss of data
S:\C++\DoodleJumpGameDevIntern\src\Doodle.h(50,31): warning C4244: 'argument': conversion from 'float' to 'int', possible loss of data
S:\C++\DoodleJumpGameDevIntern\src\Doodle.h(50,24): warning C4244: 'argument': conversion from 'float' to 'int', possible loss of data
S:\C++\DoodleJumpGameDevIntern\src\Doodle.h(51,32): warning C4244: 'argument': conversion from 'float' to 'int', possible loss of data
S:\C++\DoodleJumpGameDevIntern\src\Doodle.h(51,25): warning C4244: 'argument': conversion from 'float' to 'int', possible loss of data
S:\C++\DoodleJumpGameDevIntern\src\Doodle.h(52,45): warning C4244: 'argument': conversion from 'float' to 'int', possible loss of data
S:\C++\DoodleJumpGameDevIntern\src\Doodle.h(52,38): warning C4244: 'argument': conversion from 'float' to 'int', possible loss of data
S:\C++\DoodleJumpGameDevIntern\src\Doodle.h(53,46): warning C4244: 'argument': conversion from 'float' to 'int', possible loss of data
S:\C++\DoodleJumpGameDevIntern\src\Doodle.h(53,39): warning C4244: 'argument': conversion from 'float' to 'int', possible loss of data
S:\C++\DoodleJumpGameDevIntern\src\Doodle.h(54,43): warning C4244: 'argument': conversion from 'float' to 'int', possible loss of data
S:\C++\DoodleJumpGameDevIntern\src\Doodle.h(54,36): warning C4244: 'argument': conversion from 'float' to 'int', possible loss of data
S:\C++\DoodleJumpGameDevIntern\src\Doodle.h(55,44): warning C4244: 'argument': conversion from 'float' to 'int', possible loss of data
S:\C++\DoodleJumpGameDevIntern\src\Doodle.h(55,37): warning C4244: 'argument': conversion from 'float' to 'int', possible loss of data
S:\C++\DoodleJumpGameDevIntern\src\Doodle.cpp(78,17): warning C4244: 'initializing': conversion from 'double' to 'float', possible loss of data
S:\C++\DoodleJumpGameDevIntern\src\Doodle.cpp(98,44): warning C4244: '=': conversion from 'double' to 'float', possible loss of data
S:\C++\DoodleJumpGameDevIntern\src\Doodle.cpp(149,8): warning C4305: '=': truncation from 'double' to 'float'
  Enemy.cpp
S:\C++\DoodleJumpGameDevIntern\src\Doodle.h(40,12): warning C4305: '=': truncation from 'double' to 'float'
S:\C++\DoodleJumpGameDevIntern\src\Doodle.h(49,31): warning C4244: 'argument': conversion from 'float' to 'int', possible loss of data
S:\C++\DoodleJumpGameDevIntern\src\Doodle.h(49,24): warning C4244: 'argument': conversion from 'float' to 'int', possible loss of data
S:\C++\DoodleJumpGameDevIntern\src\Doodle.h(50,31): warning C4244: 'argument': conversion from 'float' to 'int', possible loss of data
S:\C++\DoodleJumpGameDevIntern\src\Doodle.h(50,24): warning C4244: 'argument': conversion from 'float' to 'int', possible loss of data
S:\C++\DoodleJumpGameDevIntern\src\Doodle.h(51,32): warning C4244: 'argument': conversion from 'float' to 'int', possible loss of data
S:\C++\DoodleJumpGameDevIntern\src\Doodle.h(51,25): warning C4244: 'argument': conversion from 'float' to 'int', possible loss of data
S:\C++\DoodleJumpGameDevIntern\src\Doodle.h(52,45): warning C4244: 'argument': conversion from 'float' to 'int', possible loss of data
S:\C++\DoodleJumpGameDevIntern\src\Doodle.h(52,38): warning C4244: 'argument': conversion from 'float' to 'int', possible loss of data
S:\C++\DoodleJumpGameDevIntern\src\Doodle.h(53,46): warning C4244: 'argument': conversion from 'float' to 'int', possible loss of data
S:\C++\DoodleJumpGameDevIntern\src\Doodle.h(53,39): warning C4244: 'argument': conversion from 'float' to 'int', possible loss of data
S:\C++\DoodleJumpGameDevIntern\src\Doodle.h(54,43): warning C4244: 'argument': conversion from 'float' to 'int', possible loss of data
S:\C++\DoodleJumpGameDevIntern\src\Doodle.h(54,36): warning C4244: 'argument': conversion from 'float' to 'int', possible loss of data
S:\C++\DoodleJumpGameDevIntern\src\Doodle.h(55,44): warning C4244: 'argument': conversion from 'float' to 'int', possible loss of data
S:\C++\DoodleJumpGameDevIntern\src\Doodle.h(55,37): warning C4244: 'argument': conversion from 'float' to 'int', possible loss of data
S:\C++\DoodleJumpGameDevIntern\src\Platform.h(20,12): warning C4305: '=': truncation from 'double' to 'float'
S:\C++\DoodleJumpGameDevIntern\src\Bonus.h(10,18): warning C4305: '=': truncation from 'double' to 'float'
S:\C++\DoodleJumpGameDevIntern\src\mFramework.h(21,31): warning C4244: 'initializing': conversion from 'int' to 'float', possible loss of data
S:\C++\DoodleJumpGameDevIntern\src\mFramework.h(21,62): warning C4244: 'initializing': conversion from 'int' to 'float', possible loss of data
S:\C++\DoodleJumpGameDevIntern\src\mFramework.h(26,81): warning C4244: 'initializing': conversion from 'double' to 'float', possible loss of data
S:\C++\DoodleJumpGameDevIntern\src\Enemy.h(16,12): warning C4305: '=': truncation from 'double' to 'float'
S:\C++\DoodleJumpGameDevIntern\src\Enemy.h(29,29): warning C4244: 'argument': conversion from 'float' to 'int', possible loss of data
S:\C++\DoodleJumpGameDevIntern\src\Enemy.h(29,22): warning C4244: 'argument': conversion from 'float' to 'int', possible loss of data
S:\C++\DoodleJumpGameDevIntern\src\Enemy.h(30,12): warning C4305: '=': truncation from 'double' to 'float'
  Main.cpp
S:\C++\DoodleJumpGameDevIntern\src\Doodle.h(40,12): warning C4305: '=': truncation from 'double' to 'float'
S:\C++\DoodleJumpGameDevIntern\src\Doodle.h(49,31): warning C4244: 'argument': conversion from 'float' to 'int', possible loss of data
S:\C++\DoodleJumpGameDevIntern\src\Doodle.h(49,24): warning C4244: 'argument': conversion from 'float' to 'int', possible loss of data
S:\C++\DoodleJumpGameDevIntern\src\Doodle.h(50,31): warning C4244: 'argument': conversion from 'float' to 'int', possible loss of data
S:\C++\DoodleJumpGameDevIntern\src\Doodle.h(50,24): warning C4244: 'argument': conversion from 'float' to 'int', possible loss of data
S:\C++\DoodleJumpGameDevIntern\src\Doodle.h(51,32): warning C4244: 'argument': conversion from 'float' to 'int', possible loss of data
S:\C++\DoodleJumpGameDevIntern\src\Doodle.h(51,25): warning C4244: 'argument': conversion from 'float' to 'int', possible loss of data
S:\C++\DoodleJumpGameDevIntern\src\Doodle.h(52,45): warning C4244: 'argument': conversion from 'float' to 'int', possible loss of data
S:\C++\DoodleJumpGameDevIntern\src\Doodle.h(52,38): warning C4244: 'argument': conversion from 'float' to 'int', possible loss of data
S:\C++\DoodleJumpGameDevIntern\src\Doodle.h(53,46): warning C4244: 'argument': conversion from 'float' to 'int', possible loss of data
S:\C++\DoodleJumpGameDevIntern\src\Doodle.h(53,39): warning C4244: 'argument': conversion from 'float' to 'int', possible loss of data
S:\C++\DoodleJumpGameDevIntern\src\Doodle.h(54,43): warning C4244: 'argument': conversion from 'float' to 'int', possible loss of data
S:\C++\DoodleJumpGameDevIntern\src\Doodle.h(54,36): warning C4244: 'argument': conversion from 'float' to 'int', possible loss of data
S:\C++\DoodleJumpGameDevIntern\src\Doodle.h(55,44): warning C4244: 'argument': conversion from 'float' to 'int', possible loss of data
S:\C++\DoodleJumpGameDevIntern\src\Doodle.h(55,37): warning C4244: 'argument': conversion from 'float' to 'int', possible loss of data
S:\C++\DoodleJumpGameDevIntern\src\Enemy.h(16,12): warning C4305: '=': truncation from 'double' to 'float'
S:\C++\DoodleJumpGameDevIntern\src\Enemy.h(29,29): warning C4244: 'argument': conversion from 'float' to 'int', possible loss of data
S:\C++\DoodleJumpGameDevIntern\src\Enemy.h(29,22): warning C4244: 'argument': conversion from 'float' to 'int', possible loss of data
S:\C++\DoodleJumpGameDevIntern\src\Enemy.h(30,12): warning C4305: '=': truncation from 'double' to 'float'
S:\C++\DoodleJumpGameDevIntern\src\Platform.h(20,12): warning C4305: '=': truncation from 'double' to 'float'
S:\C++\DoodleJumpGameDevIntern\src\Bonus.h(10,18): warning C4305: '=': truncation from 'double' to 'float'
S:\C++\DoodleJumpGameDevIntern\src\mFramework.h(21,31): warning C4244: 'initializing': conversion from 'int' to 'float', possible loss of data
S:\C++\DoodleJumpGameDevIntern\src\mFramework.h(21,62): warning C4244: 'initializing': conversion from 'int' to 'float', possible loss of data
S:\C++\DoodleJumpGameDevIntern\src\mFramework.h(26,81): warning C4244: 'initializing': conversion from 'double' to 'float', possible loss of data
S:\C++\DoodleJumpGameDevIntern\src\Main.cpp(27,52): warning C4244: '+=': conversion from 'double' to 'int', possible loss of data
S:\C++\DoodleJumpGameDevIntern\src\Main.cpp(59,13): warning C4267: 'initializing': conversion from 'size_t' to 'int', possible loss of data
  Platform.cpp
S:\C++\DoodleJumpGameDevIntern\src\Doodle.h(40,12): warning C4305: '=': truncation from 'double' to 'float'
S:\C++\DoodleJumpGameDevIntern\src\Doodle.h(49,31): warning C4244: 'argument': conversion from 'float' to 'int', possible loss of data
S:\C++\DoodleJumpGameDevIntern\src\Doodle.h(49,24): warning C4244: 'argument': conversion from 'float' to 'int', possible loss of data
S:\C++\DoodleJumpGameDevIntern\src\Doodle.h(50,31): warning C4244: 'argument': conversion from 'float' to 'int', possible loss of data
S:\C++\DoodleJumpGameDevIntern\src\Doodle.h(50,24): warning C4244: 'argument': conversion from 'float' to 'int', possible loss of data
S:\C++\DoodleJumpGameDevIntern\src\Doodle.h(51,32): warning C4244: 'argument': conversion from 'float' to 'int', possible loss of data
S:\C++\DoodleJumpGameDevIntern\src\Doodle.h(51,25): warning C4244: 'argument': conversion from 'float' to 'int', possible loss of data
S:\C++\DoodleJumpGameDevIntern\src\Doodle.h(52,45): warning C4244: 'argument': conversion from 'float' to 'int', possible loss of data
S:\C++\DoodleJumpGameDevIntern\src\Doodle.h(52,38): warning C4244: 'argument': conversion from 'float' to 'int', possible loss of data
S:\C++\DoodleJumpGameDevIntern\src\Doodle.h(53,46): warning C4244: 'argument': conversion from 'float' to 'int', possible loss of data
S:\C++\DoodleJumpGameDevIntern\src\Doodle.h(53,39): warning C4244: 'argument': conversion from 'float' to 'int', possible loss of data
S:\C++\DoodleJumpGameDevIntern\src\Doodle.h(54,43): warning C4244: 'argument': conversion from 'float' to 'int', possible loss of data
S:\C++\DoodleJumpGameDevIntern\src\Doodle.h(54,36): warning C4244: 'argument': conversion from 'float' to 'int', possible loss of data
S:\C++\DoodleJumpGameDevIntern\src\Doodle.h(55,44): warning C4244: 'argument': conversion from 'float' to 'int', possible loss of data
S:\C++\DoodleJumpGameDevIntern\src\Doodle.h(55,37): warning C4244: 'argument': conversion from 'float' to 'int', possible loss of data
S:\C++\DoodleJumpGameDevIntern\src\Enemy.h(16,12): warning C4305: '=': truncation from 'double' to 'float'
S:\C++\DoodleJumpGameDevIntern\src\Enemy.h(29,29): warning C4244: 'argument': conversion from 'float' to 'int', possible loss of data
S:\C++\DoodleJumpGameDevIntern\src\Enemy.h(29,22): warning C4244: 'argument': conversion from 'float' to 'int', possible loss of data
S:\C++\DoodleJumpGameDevIntern\src\Enemy.h(30,12): warning C4305: '=': truncation from 'double' to 'float'
S:\C++\DoodleJumpGameDevIntern\src\Bonus.h(10,18): warning C4305: '=': truncation from 'double' to 'float'
S:\C++\DoodleJumpGameDevIntern\src\mFramework.h(21,31): warning C4244: 'initializing': conversion from 'int' to 'float', possible loss of data
S:\C++\DoodleJumpGameDevIntern\src\mFramework.h(21,62): warning C4244: 'initializing': conversion from 'int' to 'float', possible loss of data
S:\C++\DoodleJumpGameDevIntern\src\mFramework.h(26,81): warning C4244: 'initializing': conversion from 'double' to 'float', possible loss of data
S:\C++\DoodleJumpGameDevIntern\src\Platform.h(20,12): warning C4305: '=': truncation from 'double' to 'float'
S:\C++\DoodleJumpGameDevIntern\src\Platform.cpp(9,19): warning C4244: 'initializing': conversion from 'int' to 'float', possible loss of data
S:\C++\DoodleJumpGameDevIntern\src\Platform.cpp(9,50): warning C4244: 'initializing': conversion from 'int' to 'float', possible loss of data
  mFramework.cpp
S:\C++\DoodleJumpGameDevIntern\src\Doodle.h(40,12): warning C4305: '=': truncation from 'double' to 'float'
S:\C++\DoodleJumpGameDevIntern\src\Doodle.h(49,31): warning C4244: 'argument': conversion from 'float' to 'int', possible loss of data
S:\C++\DoodleJumpGameDevIntern\src\Doodle.h(49,24): warning C4244: 'argument': conversion from 'float' to 'int', possible loss of data
S:\C++\DoodleJumpGameDevIntern\src\Doodle.h(50,31): warning C4244: 'argument': conversion from 'float' to 'int', possible loss of data
S:\C++\DoodleJumpGameDevIntern\src\Doodle.h(50,24): warning C4244: 'argument': conversion from 'float' to 'int', possible loss of data
S:\C++\DoodleJumpGameDevIntern\src\Doodle.h(51,32): warning C4244: 'argument': conversion from 'float' to 'int', possible loss of data
S:\C++\DoodleJumpGameDevIntern\src\Doodle.h(51,25): warning C4244: 'argument': conversion from 'float' to 'int', possible loss of data
S:\C++\DoodleJumpGameDevIntern\src\Doodle.h(52,45): warning C4244: 'argument': conversion from 'float' to 'int', possible loss of data
S:\C++\DoodleJumpGameDevIntern\src\Doodle.h(52,38): warning C4244: 'argument': conversion from 'float' to 'int', possible loss of data
S:\C++\DoodleJumpGameDevIntern\src\Doodle.h(53,46): warning C4244: 'argument': conversion from 'float' to 'int', possible loss of data
S:\C++\DoodleJumpGameDevIntern\src\Doodle.h(53,39): warning C4244: 'argument': conversion from 'float' to 'int', possible loss of data
S:\C++\DoodleJumpGameDevIntern\src\Doodle.h(54,43): warning C4244: 'argument': conversion from 'float' to 'int', possible loss of data
S:\C++\DoodleJumpGameDevIntern\src\Doodle.h(54,36): warning C4244: 'argument': conversion from 'float' to 'int', possible loss of data
S:\C++\DoodleJumpGameDevIntern\src\Doodle.h(55,44): warning C4244: 'argument': conversion from 'float' to 'int', possible loss of data
S:\C++\DoodleJumpGameDevIntern\src\Doodle.h(55,37): warning C4244: 'argument': conversion from 'float' to 'int', possible loss of data
S:\C++\DoodleJumpGameDevIntern\src\Enemy.h(16,12): warning C4305: '=': truncation from 'double' to 'float'
S:\C++\DoodleJumpGameDevIntern\src\Enemy.h(29,29): warning C4244: 'argument': conversion from 'float' to 'int', possible loss of data
S:\C++\DoodleJumpGameDevIntern\src\Enemy.h(29,22): warning C4244: 'argument': conversion from 'float' to 'int', possible loss of data
S:\C++\DoodleJumpGameDevIntern\src\Enemy.h(30,12): warning C4305: '=': truncation from 'double' to 'float'
S:\C++\DoodleJumpGameDevIntern\src\Platform.h(20,12): warning C4305: '=': truncation from 'double' to 'float'
S:\C++\DoodleJumpGameDevIntern\src\Bonus.h(10,18): warning C4305: '=': truncation from 'double' to 'float'
S:\C++\DoodleJumpGameDevIntern\src\mFramework.h(21,31): warning C4244: 'initializing': conversion from 'int' to 'float', possible loss of data
S:\C++\DoodleJumpGameDevIntern\src\mFramework.h(21,62): warning C4244: 'initializing': conversion from 'int' to 'float', possible loss of data
S:\C++\DoodleJumpGameDevIntern\src\mFramework.h(26,81): warning C4244: 'initializing': conversion from 'double' to 'float', possible loss of data
S:\C++\DoodleJumpGameDevIntern\src\mFramework.cpp(16,31): warning C4244: 'initializing': conversion from 'float' to 'int', possible loss of data
S:\C++\DoodleJumpGameDevIntern\src\mFramework.cpp(16,20): warning C4244: 'initializing': conversion from 'float' to 'const int', possible loss of data
S:\C++\DoodleJumpGameDevIntern\src\mFramework.cpp(17,12): warning C4244: 'initializing': conversion from 'int' to 'float', possible loss of data
S:\C++\DoodleJumpGameDevIntern\src\mFramework.cpp(18,12): warning C4244: 'initializing': conversion from 'int' to 'float', possible loss of data
S:\C++\DoodleJumpGameDevIntern\src\mFramework.cpp(113,40): warning C4244: 'argument': conversion from 'float' to 'int', possible loss of data
S:\C++\DoodleJumpGameDevIntern\src\mFramework.cpp(113,31): warning C4244: 'argument': conversion from 'float' to 'int', possible loss of data
S:\C++\DoodleJumpGameDevIntern\src\mFramework.cpp(114,35): warning C4244: 'argument': conversion from 'float' to 'int', possible loss of data
S:\C++\DoodleJumpGameDevIntern\src\mFramework.cpp(114,27): warning C4244: 'argument': conversion from 'float' to 'int', possible loss of data
S:\C++\DoodleJumpGameDevIntern\src\mFramework.cpp(115,32): warning C4244: 'argument': conversion from 'float' to 'int', possible loss of data
S:\C++\DoodleJumpGameDevIntern\src\mFramework.cpp(115,25): warning C4244: 'argument': conversion from 'float' to 'int', possible loss of data
S:\C++\DoodleJumpGameDevIntern\src\mFramework.cpp(117,46): warning C4244: 'argument': conversion from 'double' to 'int', possible loss of data
S:\C++\DoodleJumpGameDevIntern\src\mFramework.cpp(119,49): warning C4244: 'argument': conversion from 'double' to 'int', possible loss of data
S:\C++\DoodleJumpGameDevIntern\src\mFramework.cpp(119,32): warning C4244: 'argument': conversion from 'double' to 'int', possible loss of data
S:\C++\DoodleJumpGameDevIntern\src\mFramework.cpp(120,44): warning C4244: 'argument': conversion from 'float' to 'int', possible loss of data
S:\C++\DoodleJumpGameDevIntern\src\mFramework.cpp(120,33): warning C4244: 'argument': conversion from 'float' to 'int', possible loss of data
S:\C++\DoodleJumpGameDevIntern\src\mFramework.cpp(156,36): warning C4244: 'argument': conversion from 'double' to 'int', possible loss of data
S:\C++\DoodleJumpGameDevIntern\src\mFramework.cpp(176,34): warning C4244: 'argument': conversion from 'double' to 'int', possible loss of data
S:\C++\DoodleJumpGameDevIntern\src\mFramework.cpp(181,61): warning C4244: 'argument': conversion from 'float' to 'int', possible loss of data
S:\C++\DoodleJumpGameDevIntern\src\mFramework.cpp(181,46): warning C4244: 'argument': conversion from 'float' to 'int', possible loss of data
S:\C++\DoodleJumpGameDevIntern\src\mFramework.cpp(186,59): warning C4244: 'argument': conversion from 'float' to 'int', possible loss of data
S:\C++\DoodleJumpGameDevIntern\src\mFramework.cpp(186,42): warning C4244: 'argument': conversion from 'float' to 'int', possible loss of data
S:\C++\DoodleJumpGameDevIntern\src\mFramework.cpp(191,39): warning C4244: 'argument': conversion from 'float' to 'int', possible loss of data
S:\C++\DoodleJumpGameDevIntern\src\mFramework.cpp(191,29): warning C4244: 'argument': conversion from 'float' to 'int', possible loss of data
S:\C++\DoodleJumpGameDevIntern\src\mFramework.cpp(205,48): warning C4244: 'argument': conversion from 'float' to 'int', possible loss of data
S:\C++\DoodleJumpGameDevIntern\src\mFramework.cpp(205,33): warning C4244: 'argument': conversion from 'float' to 'int', possible loss of data
S:\C++\DoodleJumpGameDevIntern\src\mFramework.cpp(210,45): warning C4244: 'argument': conversion from 'float' to 'int', possible loss of data
S:\C++\DoodleJumpGameDevIntern\src\mFramework.cpp(210,34): warning C4244: 'argument': conversion from 'float' to 'int', possible loss of data
S:\C++\DoodleJumpGameDevIntern\src\mFramework.cpp(215,55): warning C4244: 'argument': conversion from 'float' to 'int', possible loss of data
S:\C++\DoodleJumpGameDevIntern\src\mFramework.cpp(215,44): warning C4244: 'argument': conversion from 'float' to 'int', possible loss of data
S:\C++\DoodleJumpGameDevIntern\src\mFramework.cpp(216,57): warning C4244: 'argument': conversion from 'float' to 'int', possible loss of data
S:\C++\DoodleJumpGameDevIntern\src\mFramework.cpp(216,38): warning C4244: 'argument': conversion from 'float' to 'int', possible loss of data
S:\C++\DoodleJumpGameDevIntern\src\mFramework.cpp(220,56): warning C4244: 'argument': conversion from 'float' to 'int', possible loss of data
S:\C++\DoodleJumpGameDevIntern\src\mFramework.cpp(220,45): warning C4244: 'argument': conversion from 'float' to 'int', possible loss of data
S:\C++\DoodleJumpGameDevIntern\src\mFramework.cpp(221,58): warning C4244: 'argument': conversion from 'float' to 'int', possible loss of data
S:\C++\DoodleJumpGameDevIntern\src\mFramework.cpp(221,39): warning C4244: 'argument': conversion from 'float' to 'int', possible loss of data
S:\C++\DoodleJumpGameDevIntern\src\mFramework.cpp(227,55): warning C4244: 'argument': conversion from 'float' to 'int', possible loss of data
S:\C++\DoodleJumpGameDevIntern\src\mFramework.cpp(227,44): warning C4244: 'argument': conversion from 'float' to 'int', possible loss of data
S:\C++\DoodleJumpGameDevIntern\src\mFramework.cpp(229,56): warning C4244: 'argument': conversion from 'float' to 'int', possible loss of data
S:\C++\DoodleJumpGameDevIntern\src\mFramework.cpp(229,45): warning C4244: 'argument': conversion from 'float' to 'int', possible loss of data
S:\C++\DoodleJumpGameDevIntern\src\mFramework.cpp(296,18): warning C4244: 'argument': conversion from 'int' to 'float', possible loss of data
S:\C++\DoodleJumpGameDevIntern\src\mFramework.cpp(296,15): warning C4244: 'argument': conversion from 'int' to 'float', possible loss of data
  Generating Code...
  DoodleJumpGameDevIntern.vcxproj -> S:\C++\DoodleJumpGameDevIntern\x64\Debug\DoodleJumpGameDevIntern.exe
